Line#     Address   Label     Opcode    Operand   MachineCode
=====     =======   =====     ======    =======   ===========
1         00000                                             
2         00000                                             
3         00000                                             
4         00000                                             
5         00000     prog      start     0                   
6         00000     bsrch     EQU       6000                
7         00000     OFFB      EQU       8                   
8         00000               BASE      delta               
9         00000               LDB       #delta    6923D9    
10        00003               lds       #3        6D0003    
11        00006               +ldx      @foo      06100FA0  
12        0000A               +lda      beta,x    03900184  
13        0000E               add       gamma     1B229F    
14        00011               ldx       @zeta     0523CB    
15        00014     first     NORM                C8        
16        00015               SVC       13        B0D0      
17        00017               HIO                 F4        
18        00018               ldt       #alpha    75203D    
19        0001B               +ldt      #foo      75100FA0  
20        0001F               lda       @alpha    012036    
21        00022               lda       foo       034BC4    
22        00025               addr      S,T       9045      
23        00027               shiftr    T,2       A852      
24        00029               shiftl    S,1       A441      
25        0002B               tixr      T         B850      
26        0002D               j         first     3F1FE4    
27        00030               +j        first     3F100014  
28        00034               Clear     T         B450      
29        00036               +ldt      #50000    7510C350  
30        0003A               ldx       #0        050000    
31        0003D               +jsub     bsrch     4B101770  
32        00041     addl      lda       alpha,x   012014    
33        00044               add       beta,x    19213D    
34        00047               sta       gamma,x   0D2266    
35        0004A               addr      s,t       9045      
36        0004C               compr     x,t       A015      
37        0004E               +jlt      addl      3B100041  
38        00052               jlt       addl      3B1FEC    
39        00055               rsub                4F0000    
40        00058                                             
41        00058                                             
42        00058     alpha     resw      100                 
43        00184     beta      RESW      100                 
44        002B0     gamma     resw      100                 
45        003DC     delta     WORD      20        000014    
46        003DF     zeta      BYTE      C'EOF'    454F46    
47        003E2     eta       byte      X'FFFFFE' FFFFFE    
48        003E5     theta     byte      c'eof'    656F66    
49        003E8     buffer    RESB      3000                
50        00FA0     foo       word      1         000001    
51        00FA3               end       prog                
